


ARM Macro Assembler    Page 1 


    1 00000000         ;/******************************************************
                       *****************
    2 00000000         ; * $Id: startup_LPC43xx.s 6473 2011-02-16 17:40:54Z nxp
                       27266 $
    3 00000000         ; *
    4 00000000         ; * Project: LPC43xx CMSIS Package
    5 00000000         ; *
    6 00000000         ; * Description: Cortex-M3 Core Device Startup File for 
                       the NXP LPC43xx
    7 00000000         ; *              Device Series.
    8 00000000         ; *
    9 00000000         ; * Copyright(C) 2011, NXP Semiconductor
   10 00000000         ; * All rights reserved.
   11 00000000         ; *
   12 00000000         ; *                                                     
                        modified by KEIL
   13 00000000         ; ******************************************************
                       *****************
   14 00000000         ; * Software that is described herein is for illustrativ
                       e purposes only
   15 00000000         ; * which provides customers with programming informatio
                       n regarding the
   16 00000000         ; * products. This software is supplied "AS IS" without 
                       any warranties.
   17 00000000         ; * NXP Semiconductors assumes no responsibility or liab
                       ility for the
   18 00000000         ; * use of the software, conveys no license or title und
                       er any patent,
   19 00000000         ; * copyright, or mask work right to the product. NXP Se
                       miconductors
   20 00000000         ; * reserves the right to make changes in the software w
                       ithout
   21 00000000         ; * notification. NXP Semiconductors also make no repres
                       entation or
   22 00000000         ; * warranty that such application will be suitable for 
                       the specified
   23 00000000         ; * use without further testing or modification.
   24 00000000         ; ******************************************************
                       ****************/
   25 00000000         
   26 00000000         ; <h> Stack Configuration
   27 00000000         ;   <o> Stack Size (in Bytes) <0x0-0xFFFFFFFF:8>
   28 00000000         ; </h>
   29 00000000         
   30 00000000 00000100 
                       Stack_Size
                               EQU              0x00000100
   31 00000000         
   32 00000000                 AREA             STACK, NOINIT, READWRITE, ALIGN
=3
   33 00000000         Stack_Mem
                               SPACE            Stack_Size
   34 00000100         __initial_sp
   35 00000100         
   36 00000100         
   37 00000100         ; <h> Heap Configuration
   38 00000100         ;   <o>  Heap Size (in Bytes) <0x0-0xFFFFFFFF:8>
   39 00000100         ; </h>
   40 00000100         



ARM Macro Assembler    Page 2 


   41 00000100 00000100 
                       Heap_Size
                               EQU              0x00000100
   42 00000100         
   43 00000100                 AREA             HEAP, NOINIT, READWRITE, ALIGN=
3
   44 00000000         __heap_base
   45 00000000         Heap_Mem
                               SPACE            Heap_Size
   46 00000100         __heap_limit
   47 00000100         
   48 00000100                 PRESERVE8
   49 00000100                 THUMB
   50 00000100         
   51 00000100         ; Vector Table Mapped to Address 0 at Reset
   52 00000100         
   53 00000100                 AREA             RESET, DATA, READONLY
   54 00000000                 EXPORT           __Vectors
   55 00000000         
   56 00000000 5A5A5A5A 
                       Sign_Value
                               EQU              0x5A5A5A5A
   57 00000000         
   58 00000000 00000000 
                       __Vectors
                               DCD              __initial_sp ; 0 Top of Stack
   59 00000004 00000000        DCD              Reset_Handler ; 1 Reset Handler
                                                            
   60 00000008 00000000        DCD              NMI_Handler ; 2 NMI Handler
   61 0000000C 00000000        DCD              HardFault_Handler ; 3 Hard Faul
                                                            t Handler
   62 00000010 00000000        DCD              MemManage_Handler ; 4 MPU Fault
                                                             Handler
   63 00000014 00000000        DCD              BusFault_Handler ; 5 Bus Fault 
                                                            Handler
   64 00000018 00000000        DCD              UsageFault_Handler ; 6 Usage Fa
                                                            ult Handler
   65 0000001C 5A5A5A5A        DCD              Sign_Value  ; 7 Reserved
   66 00000020 00000000        DCD              0           ; 8 Reserved
   67 00000024 00000000        DCD              0           ; 9 Reserved
   68 00000028 00000000        DCD              0           ; 10 Reserved
   69 0000002C 00000000        DCD              SVC_Handler ; 11 SVCall Handler
                                                            
   70 00000030 00000000        DCD              DebugMon_Handler ; 12 Debug Mon
                                                            itor Handler
   71 00000034 00000000        DCD              0           ; 13 Reserved
   72 00000038 00000000        DCD              OS_CPU_PendSVHandler 
                                                            ; 14 PendSV Handler
                                                            
   73 0000003C 00000000        DCD              OS_CPU_SysTickHandler ; 15 SysT
                                                            ick Handler
   74 00000040         
   75 00000040         ; External Interrupts
   76 00000040 00000000        DCD              DAC_IRQHandler 
                                                            ; 16 D/A Converter
   77 00000044 00000000        DCD              M0CORE_IRQHandler ; 17 M0 Core
   78 00000048 00000000        DCD              DMA_IRQHandler ; 18 General Pur
                                                            pose DMA
   79 0000004C 00000000        DCD              EZH_IRQHandler ; 19 EZH/EDM



ARM Macro Assembler    Page 3 


   80 00000050 00000000        DCD              FLASH_EEPROM_IRQHandler ; 20 Re
                                                            served for Typhoon
   81 00000054 00000000        DCD              ETH_IRQHandler ; 21 Ethernet
   82 00000058 00000000        DCD              SDIO_IRQHandler ; 22 SD/MMC
   83 0000005C 00000000        DCD              LCD_IRQHandler ; 23 LCD
   84 00000060 00000000        DCD              USB0_IRQHandler ; 24 USB0
   85 00000064 00000000        DCD              USB1_IRQHandler ; 25 USB1
   86 00000068 00000000        DCD              SCT_IRQHandler ; 26 State Confi
                                                            gurable Timer
   87 0000006C 00000000        DCD              RIT_IRQHandler ; 27 Repetitive 
                                                            Interrupt Timer
   88 00000070 00000000        DCD              TIMER0_IRQHandler ; 28 Timer0
   89 00000074 00000000        DCD              TIMER1_IRQHandler ; 29 Timer1
   90 00000078 00000000        DCD              TIMER2_IRQHandler ; 30 Timer2
   91 0000007C 00000000        DCD              TIMER3_IRQHandler ; 31 Timer3
   92 00000080 00000000        DCD              MCPWM_IRQHandler ; 32 Motor Con
                                                            trol PWM
   93 00000084 00000000        DCD              ADC0_IRQHandler ; 33 A/D Conver
                                                            ter 0
   94 00000088 00000000        DCD              I2C0_IRQHandler ; 34 I2C0
   95 0000008C 00000000        DCD              I2C1_IRQHandler ; 35 I2C1
   96 00000090 00000000        DCD              SPI_IRQHandler ; 36 SPI
   97 00000094 00000000        DCD              ADC1_IRQHandler ; 37 A/D Conver
                                                            ter 1
   98 00000098 00000000        DCD              SSP0_IRQHandler ; 38 SSP0
   99 0000009C 00000000        DCD              SSP1_IRQHandler ; 39 SSP1
  100 000000A0 00000000        DCD              UART0_IRQHandler ; 40 UART0
  101 000000A4 00000000        DCD              UART1_IRQHandler ; 41 UART1
  102 000000A8 00000000        DCD              UART2_IRQHandler ; 42 UART2
  103 000000AC 00000000        DCD              UART3_IRQHandler ; 43 UART3
  104 000000B0 00000000        DCD              I2S0_IRQHandler ; 44 I2S0
  105 000000B4 00000000        DCD              I2S1_IRQHandler ; 45 I2S1
  106 000000B8 00000000        DCD              SPIFI_IRQHandler ; 46 SPI Flash
                                                             Interface
  107 000000BC 00000000        DCD              SGPIO_IRQHandler ; 47 SGPIO
  108 000000C0 00000000        DCD              GPIO0_IRQHandler ; 48 GPIO0
  109 000000C4 00000000        DCD              GPIO1_IRQHandler ; 49 GPIO1
  110 000000C8 00000000        DCD              GPIO2_IRQHandler ; 50 GPIO2
  111 000000CC 00000000        DCD              GPIO3_IRQHandler ; 51 GPIO3
  112 000000D0 00000000        DCD              GPIO4_IRQHandler ; 52 GPIO4
  113 000000D4 00000000        DCD              GPIO5_IRQHandler ; 53 GPIO5
  114 000000D8 00000000        DCD              GPIO6_IRQHandler ; 54 GPIO6
  115 000000DC 00000000        DCD              GPIO7_IRQHandler ; 55 GPIO7
  116 000000E0 00000000        DCD              GINT0_IRQHandler ; 56 GINT0
  117 000000E4 00000000        DCD              GINT1_IRQHandler ; 57 GINT1
  118 000000E8 00000000        DCD              EVRT_IRQHandler 
                                                            ; 58 Event Router
  119 000000EC 00000000        DCD              CAN1_IRQHandler ; 59 C_CAN1
  120 000000F0 00000000        DCD              0           ; 60 Reserved
  121 000000F4 00000000        DCD              VADC_IRQHandler ; 61 VADC
  122 000000F8 00000000        DCD              ATIMER_IRQHandler ; 62 ATIMER
  123 000000FC 00000000        DCD              RTC_IRQHandler ; 63 RTC
  124 00000100 00000000        DCD              0           ; 64 Reserved
  125 00000104 00000000        DCD              WDT_IRQHandler ; 65 WDT
  126 00000108 00000000        DCD              M0s_IRQHandler ; 66 M0s
  127 0000010C 00000000        DCD              CAN0_IRQHandler ; 67 C_CAN0
  128 00000110 00000000        DCD              QEI_IRQHandler ; 68 QEI
  129 00000114         
  130 00000114         



ARM Macro Assembler    Page 4 


  131 00000114         ;CRP address at offset 0x2FC relative to the BOOT Bank a
                       ddress
  132 00000114                 IF               :LNOT::DEF:NO_CRP
  141                          ENDIF
  142 00000114         
  143 00000114                 AREA             |.text|, CODE, READONLY
  144 00000000         
  145 00000000         ; Reset Handler
  146 00000000         
  147 00000000         Reset_Handler
                               PROC
  148 00000000                 EXPORT           Reset_Handler           [WEAK]
  149 00000000                 IMPORT           SystemInit
  150 00000000                 IMPORT           __main
  151 00000000 4806            LDR              R0, =SystemInit
  152 00000002 4780            BLX              R0
  153 00000004 4806            LDR              R0, =__main
  154 00000006 4700            BX               R0
  155 00000008                 ENDP
  156 00000008         
  157 00000008         ; Dummy Exception Handlers (infinite loops which can be 
                       modified)
  158 00000008         
  159 00000008         NMI_Handler
                               PROC
  160 00000008                 EXPORT           NMI_Handler             [WEAK]
  161 00000008 E7FE            B                .
  162 0000000A                 ENDP
  164 0000000A         HardFault_Handler
                               PROC
  165 0000000A                 EXPORT           HardFault_Handler       [WEAK]
  166 0000000A E7FE            B                .
  167 0000000C                 ENDP
  169 0000000C         MemManage_Handler
                               PROC
  170 0000000C                 EXPORT           MemManage_Handler       [WEAK]
  171 0000000C E7FE            B                .
  172 0000000E                 ENDP
  174 0000000E         BusFault_Handler
                               PROC
  175 0000000E                 EXPORT           BusFault_Handler        [WEAK]
  176 0000000E E7FE            B                .
  177 00000010                 ENDP
  179 00000010         UsageFault_Handler
                               PROC
  180 00000010                 EXPORT           UsageFault_Handler      [WEAK]
  181 00000010 E7FE            B                .
  182 00000012                 ENDP
  183 00000012         SVC_Handler
                               PROC
  184 00000012                 EXPORT           SVC_Handler             [WEAK]
  185 00000012 E7FE            B                .
  186 00000014                 ENDP
  188 00000014         DebugMon_Handler
                               PROC
  189 00000014                 EXPORT           DebugMon_Handler        [WEAK]
  190 00000014 E7FE            B                .
  191 00000016                 ENDP
  193 00000016         OS_CPU_PendSVHandler



ARM Macro Assembler    Page 5 


                               PROC
  194 00000016                 EXPORT           OS_CPU_PendSVHandler   [WEAK]
  195 00000016 E7FE            B                .
  196 00000018                 ENDP
  198 00000018         OS_CPU_SysTickHandler
                               PROC
  199 00000018                 EXPORT           OS_CPU_SysTickHandler   [WEAK]
  200 00000018 E7FE            B                .
  201 0000001A                 ENDP
  202 0000001A         
  203 0000001A         Default_Handler
                               PROC
  204 0000001A         
  205 0000001A                 EXPORT           DAC_IRQHandler          [WEAK]
  206 0000001A                 EXPORT           M0CORE_IRQHandler       [WEAK]
  207 0000001A                 EXPORT           DMA_IRQHandler          [WEAK]
  208 0000001A                 EXPORT           EZH_IRQHandler          [WEAK]
  209 0000001A                 EXPORT           FLASH_EEPROM_IRQHandler [WEAK]
  210 0000001A                 EXPORT           ETH_IRQHandler          [WEAK]
  211 0000001A                 EXPORT           SDIO_IRQHandler         [WEAK]
  212 0000001A                 EXPORT           LCD_IRQHandler          [WEAK]
  213 0000001A                 EXPORT           USB0_IRQHandler         [WEAK]
  214 0000001A                 EXPORT           USB1_IRQHandler         [WEAK]
  215 0000001A                 EXPORT           SCT_IRQHandler          [WEAK]
  216 0000001A                 EXPORT           RIT_IRQHandler          [WEAK]
  217 0000001A                 EXPORT           TIMER0_IRQHandler       [WEAK]
  218 0000001A                 EXPORT           TIMER1_IRQHandler       [WEAK]
  219 0000001A                 EXPORT           TIMER2_IRQHandler       [WEAK]
  220 0000001A                 EXPORT           TIMER3_IRQHandler       [WEAK]
  221 0000001A                 EXPORT           MCPWM_IRQHandler        [WEAK]
  222 0000001A                 EXPORT           ADC0_IRQHandler         [WEAK]
  223 0000001A                 EXPORT           I2C0_IRQHandler         [WEAK]
  224 0000001A                 EXPORT           I2C1_IRQHandler         [WEAK]
  225 0000001A                 EXPORT           SPI_IRQHandler          [WEAK]
  226 0000001A                 EXPORT           ADC1_IRQHandler         [WEAK]
  227 0000001A                 EXPORT           SSP0_IRQHandler         [WEAK]
  228 0000001A                 EXPORT           SSP1_IRQHandler         [WEAK]
  229 0000001A                 EXPORT           UART0_IRQHandler        [WEAK]
  230 0000001A                 EXPORT           UART1_IRQHandler        [WEAK]
  231 0000001A                 EXPORT           UART2_IRQHandler        [WEAK]
  232 0000001A                 EXPORT           UART3_IRQHandler        [WEAK]
  233 0000001A                 EXPORT           I2S0_IRQHandler         [WEAK]
  234 0000001A                 EXPORT           I2S1_IRQHandler         [WEAK]
  235 0000001A                 EXPORT           SPIFI_IRQHandler        [WEAK]
  236 0000001A                 EXPORT           SGPIO_IRQHandler        [WEAK]
  237 0000001A                 EXPORT           GPIO0_IRQHandler        [WEAK]
  238 0000001A                 EXPORT           GPIO1_IRQHandler        [WEAK]
  239 0000001A                 EXPORT           GPIO2_IRQHandler        [WEAK]
  240 0000001A                 EXPORT           GPIO3_IRQHandler        [WEAK]
  241 0000001A                 EXPORT           GPIO4_IRQHandler        [WEAK]
  242 0000001A                 EXPORT           GPIO5_IRQHandler        [WEAK]
  243 0000001A                 EXPORT           GPIO6_IRQHandler        [WEAK]
  244 0000001A                 EXPORT           GPIO7_IRQHandler        [WEAK]
  245 0000001A                 EXPORT           GINT0_IRQHandler        [WEAK]
  246 0000001A                 EXPORT           GINT1_IRQHandler        [WEAK]
  247 0000001A                 EXPORT           EVRT_IRQHandler         [WEAK]
  248 0000001A                 EXPORT           CAN1_IRQHandler         [WEAK]
  249 0000001A                 EXPORT           VADC_IRQHandler         [WEAK]
  250 0000001A                 EXPORT           ATIMER_IRQHandler       [WEAK]



ARM Macro Assembler    Page 6 


  251 0000001A                 EXPORT           RTC_IRQHandler          [WEAK]
  252 0000001A                 EXPORT           WDT_IRQHandler          [WEAK]
  253 0000001A                 EXPORT           M0s_IRQHandler          [WEAK]
  254 0000001A                 EXPORT           CAN0_IRQHandler         [WEAK]
  255 0000001A                 EXPORT           QEI_IRQHandler          [WEAK]
  256 0000001A         
  257 0000001A         DAC_IRQHandler
  258 0000001A         M0CORE_IRQHandler
  259 0000001A         DMA_IRQHandler
  260 0000001A         EZH_IRQHandler
  261 0000001A         FLASH_EEPROM_IRQHandler
  262 0000001A         ETH_IRQHandler
  263 0000001A         SDIO_IRQHandler
  264 0000001A         LCD_IRQHandler
  265 0000001A         USB0_IRQHandler
  266 0000001A         USB1_IRQHandler
  267 0000001A         SCT_IRQHandler
  268 0000001A         RIT_IRQHandler
  269 0000001A         TIMER0_IRQHandler
  270 0000001A         TIMER1_IRQHandler
  271 0000001A         TIMER2_IRQHandler
  272 0000001A         TIMER3_IRQHandler
  273 0000001A         MCPWM_IRQHandler
  274 0000001A         ADC0_IRQHandler
  275 0000001A         I2C0_IRQHandler
  276 0000001A         I2C1_IRQHandler
  277 0000001A         SPI_IRQHandler
  278 0000001A         ADC1_IRQHandler
  279 0000001A         SSP0_IRQHandler
  280 0000001A         SSP1_IRQHandler
  281 0000001A         UART0_IRQHandler
  282 0000001A         UART1_IRQHandler
  283 0000001A         UART2_IRQHandler
  284 0000001A         UART3_IRQHandler
  285 0000001A         I2S0_IRQHandler
  286 0000001A         I2S1_IRQHandler
  287 0000001A         SPIFI_IRQHandler
  288 0000001A         SGPIO_IRQHandler
  289 0000001A         GPIO0_IRQHandler
  290 0000001A         GPIO1_IRQHandler
  291 0000001A         GPIO2_IRQHandler
  292 0000001A         GPIO3_IRQHandler
  293 0000001A         GPIO4_IRQHandler
  294 0000001A         GPIO5_IRQHandler
  295 0000001A         GPIO6_IRQHandler
  296 0000001A         GPIO7_IRQHandler
  297 0000001A         GINT0_IRQHandler
  298 0000001A         GINT1_IRQHandler
  299 0000001A         EVRT_IRQHandler
  300 0000001A         CAN1_IRQHandler
  301 0000001A         VADC_IRQHandler
  302 0000001A         ATIMER_IRQHandler
  303 0000001A         RTC_IRQHandler
  304 0000001A         WDT_IRQHandler
  305 0000001A         M0s_IRQHandler
  306 0000001A         CAN0_IRQHandler
  307 0000001A         QEI_IRQHandler
  308 0000001A         
  309 0000001A E7FE            B                .



ARM Macro Assembler    Page 7 


  310 0000001C         
  311 0000001C                 ENDP
  312 0000001C         
  313 0000001C                 ALIGN
  314 0000001C         
  315 0000001C         ; User Initial Stack & Heap
  316 0000001C         
  317 0000001C                 IF               :DEF:__MICROLIB
  318 0000001C         
  319 0000001C                 EXPORT           __initial_sp
  320 0000001C                 EXPORT           __heap_base
  321 0000001C                 EXPORT           __heap_limit
  322 0000001C         
  323 0000001C                 ELSE
  337                          ENDIF
  338 0000001C         
  339 0000001C         
  340 0000001C                 END
              00000000 
              00000000 
Command Line: --debug --xref --cpu=Cortex-M4 --apcs=interwork --depend=.\cm4\ob
ject\startup_lpc43xx.d -o.\cm4\object\startup_lpc43xx.o -I"D:\Program Files\kei
l\ARM\RV31\INC" -I"D:\Program Files\keil\ARM\CMSIS\Include" -I"D:\Program Files
\keil\ARM\Inc\NXP\LPC43xx" --predefine="__MICROLIB SETA 1" --predefine="NO_CRP 
SETA 1" --list=.\cm4\list\startup_lpc43xx.lst CM4\Driver\Startup\startup_LPC43x
x.s



ARM Macro Assembler    Page 1 Alphabetic symbol ordering
Relocatable symbols

STACK 00000000

Symbol: STACK
   Definitions
      At line 32 in file CM4\Driver\Startup\startup_LPC43xx.s
   Uses
      None
Comment: STACK unused
Stack_Mem 00000000

Symbol: Stack_Mem
   Definitions
      At line 33 in file CM4\Driver\Startup\startup_LPC43xx.s
   Uses
      None
Comment: Stack_Mem unused
__initial_sp 00000100

Symbol: __initial_sp
   Definitions
      At line 34 in file CM4\Driver\Startup\startup_LPC43xx.s
   Uses
      At line 58 in file CM4\Driver\Startup\startup_LPC43xx.s
      At line 319 in file CM4\Driver\Startup\startup_LPC43xx.s

3 symbols



ARM Macro Assembler    Page 1 Alphabetic symbol ordering
Relocatable symbols

HEAP 00000000

Symbol: HEAP
   Definitions
      At line 43 in file CM4\Driver\Startup\startup_LPC43xx.s
   Uses
      None
Comment: HEAP unused
Heap_Mem 00000000

Symbol: Heap_Mem
   Definitions
      At line 45 in file CM4\Driver\Startup\startup_LPC43xx.s
   Uses
      None
Comment: Heap_Mem unused
__heap_base 00000000

Symbol: __heap_base
   Definitions
      At line 44 in file CM4\Driver\Startup\startup_LPC43xx.s
   Uses
      At line 320 in file CM4\Driver\Startup\startup_LPC43xx.s
Comment: __heap_base used once
__heap_limit 00000100

Symbol: __heap_limit
   Definitions
      At line 46 in file CM4\Driver\Startup\startup_LPC43xx.s
   Uses
      At line 321 in file CM4\Driver\Startup\startup_LPC43xx.s
Comment: __heap_limit used once
4 symbols



ARM Macro Assembler    Page 1 Alphabetic symbol ordering
Relocatable symbols

RESET 00000000

Symbol: RESET
   Definitions
      At line 53 in file CM4\Driver\Startup\startup_LPC43xx.s
   Uses
      None
Comment: RESET unused
__Vectors 00000000

Symbol: __Vectors
   Definitions
      At line 58 in file CM4\Driver\Startup\startup_LPC43xx.s
   Uses
      At line 54 in file CM4\Driver\Startup\startup_LPC43xx.s
Comment: __Vectors used once
2 symbols



ARM Macro Assembler    Page 1 Alphabetic symbol ordering
Relocatable symbols

.text 00000000

Symbol: .text
   Definitions
      At line 143 in file CM4\Driver\Startup\startup_LPC43xx.s
   Uses
      None
Comment: .text unused
ADC0_IRQHandler 0000001A

Symbol: ADC0_IRQHandler
   Definitions
      At line 274 in file CM4\Driver\Startup\startup_LPC43xx.s
   Uses
      At line 93 in file CM4\Driver\Startup\startup_LPC43xx.s
      At line 222 in file CM4\Driver\Startup\startup_LPC43xx.s

ADC1_IRQHandler 0000001A

Symbol: ADC1_IRQHandler
   Definitions
      At line 278 in file CM4\Driver\Startup\startup_LPC43xx.s
   Uses
      At line 97 in file CM4\Driver\Startup\startup_LPC43xx.s
      At line 226 in file CM4\Driver\Startup\startup_LPC43xx.s

ATIMER_IRQHandler 0000001A

Symbol: ATIMER_IRQHandler
   Definitions
      At line 302 in file CM4\Driver\Startup\startup_LPC43xx.s
   Uses
      At line 122 in file CM4\Driver\Startup\startup_LPC43xx.s
      At line 250 in file CM4\Driver\Startup\startup_LPC43xx.s

BusFault_Handler 0000000E

Symbol: BusFault_Handler
   Definitions
      At line 174 in file CM4\Driver\Startup\startup_LPC43xx.s
   Uses
      At line 63 in file CM4\Driver\Startup\startup_LPC43xx.s
      At line 175 in file CM4\Driver\Startup\startup_LPC43xx.s

CAN0_IRQHandler 0000001A

Symbol: CAN0_IRQHandler
   Definitions
      At line 306 in file CM4\Driver\Startup\startup_LPC43xx.s
   Uses
      At line 127 in file CM4\Driver\Startup\startup_LPC43xx.s
      At line 254 in file CM4\Driver\Startup\startup_LPC43xx.s

CAN1_IRQHandler 0000001A

Symbol: CAN1_IRQHandler
   Definitions
      At line 300 in file CM4\Driver\Startup\startup_LPC43xx.s
   Uses



ARM Macro Assembler    Page 2 Alphabetic symbol ordering
Relocatable symbols

      At line 119 in file CM4\Driver\Startup\startup_LPC43xx.s
      At line 248 in file CM4\Driver\Startup\startup_LPC43xx.s

DAC_IRQHandler 0000001A

Symbol: DAC_IRQHandler
   Definitions
      At line 257 in file CM4\Driver\Startup\startup_LPC43xx.s
   Uses
      At line 76 in file CM4\Driver\Startup\startup_LPC43xx.s
      At line 205 in file CM4\Driver\Startup\startup_LPC43xx.s

DMA_IRQHandler 0000001A

Symbol: DMA_IRQHandler
   Definitions
      At line 259 in file CM4\Driver\Startup\startup_LPC43xx.s
   Uses
      At line 78 in file CM4\Driver\Startup\startup_LPC43xx.s
      At line 207 in file CM4\Driver\Startup\startup_LPC43xx.s

DebugMon_Handler 00000014

Symbol: DebugMon_Handler
   Definitions
      At line 188 in file CM4\Driver\Startup\startup_LPC43xx.s
   Uses
      At line 70 in file CM4\Driver\Startup\startup_LPC43xx.s
      At line 189 in file CM4\Driver\Startup\startup_LPC43xx.s

Default_Handler 0000001A

Symbol: Default_Handler
   Definitions
      At line 203 in file CM4\Driver\Startup\startup_LPC43xx.s
   Uses
      None
Comment: Default_Handler unused
ETH_IRQHandler 0000001A

Symbol: ETH_IRQHandler
   Definitions
      At line 262 in file CM4\Driver\Startup\startup_LPC43xx.s
   Uses
      At line 81 in file CM4\Driver\Startup\startup_LPC43xx.s
      At line 210 in file CM4\Driver\Startup\startup_LPC43xx.s

EVRT_IRQHandler 0000001A

Symbol: EVRT_IRQHandler
   Definitions
      At line 299 in file CM4\Driver\Startup\startup_LPC43xx.s
   Uses
      At line 118 in file CM4\Driver\Startup\startup_LPC43xx.s
      At line 247 in file CM4\Driver\Startup\startup_LPC43xx.s

EZH_IRQHandler 0000001A

Symbol: EZH_IRQHandler



ARM Macro Assembler    Page 3 Alphabetic symbol ordering
Relocatable symbols

   Definitions
      At line 260 in file CM4\Driver\Startup\startup_LPC43xx.s
   Uses
      At line 79 in file CM4\Driver\Startup\startup_LPC43xx.s
      At line 208 in file CM4\Driver\Startup\startup_LPC43xx.s

FLASH_EEPROM_IRQHandler 0000001A

Symbol: FLASH_EEPROM_IRQHandler
   Definitions
      At line 261 in file CM4\Driver\Startup\startup_LPC43xx.s
   Uses
      At line 80 in file CM4\Driver\Startup\startup_LPC43xx.s
      At line 209 in file CM4\Driver\Startup\startup_LPC43xx.s

GINT0_IRQHandler 0000001A

Symbol: GINT0_IRQHandler
   Definitions
      At line 297 in file CM4\Driver\Startup\startup_LPC43xx.s
   Uses
      At line 116 in file CM4\Driver\Startup\startup_LPC43xx.s
      At line 245 in file CM4\Driver\Startup\startup_LPC43xx.s

GINT1_IRQHandler 0000001A

Symbol: GINT1_IRQHandler
   Definitions
      At line 298 in file CM4\Driver\Startup\startup_LPC43xx.s
   Uses
      At line 117 in file CM4\Driver\Startup\startup_LPC43xx.s
      At line 246 in file CM4\Driver\Startup\startup_LPC43xx.s

GPIO0_IRQHandler 0000001A

Symbol: GPIO0_IRQHandler
   Definitions
      At line 289 in file CM4\Driver\Startup\startup_LPC43xx.s
   Uses
      At line 108 in file CM4\Driver\Startup\startup_LPC43xx.s
      At line 237 in file CM4\Driver\Startup\startup_LPC43xx.s

GPIO1_IRQHandler 0000001A

Symbol: GPIO1_IRQHandler
   Definitions
      At line 290 in file CM4\Driver\Startup\startup_LPC43xx.s
   Uses
      At line 109 in file CM4\Driver\Startup\startup_LPC43xx.s
      At line 238 in file CM4\Driver\Startup\startup_LPC43xx.s

GPIO2_IRQHandler 0000001A

Symbol: GPIO2_IRQHandler
   Definitions
      At line 291 in file CM4\Driver\Startup\startup_LPC43xx.s
   Uses
      At line 110 in file CM4\Driver\Startup\startup_LPC43xx.s
      At line 239 in file CM4\Driver\Startup\startup_LPC43xx.s



ARM Macro Assembler    Page 4 Alphabetic symbol ordering
Relocatable symbols


GPIO3_IRQHandler 0000001A

Symbol: GPIO3_IRQHandler
   Definitions
      At line 292 in file CM4\Driver\Startup\startup_LPC43xx.s
   Uses
      At line 111 in file CM4\Driver\Startup\startup_LPC43xx.s
      At line 240 in file CM4\Driver\Startup\startup_LPC43xx.s

GPIO4_IRQHandler 0000001A

Symbol: GPIO4_IRQHandler
   Definitions
      At line 293 in file CM4\Driver\Startup\startup_LPC43xx.s
   Uses
      At line 112 in file CM4\Driver\Startup\startup_LPC43xx.s
      At line 241 in file CM4\Driver\Startup\startup_LPC43xx.s

GPIO5_IRQHandler 0000001A

Symbol: GPIO5_IRQHandler
   Definitions
      At line 294 in file CM4\Driver\Startup\startup_LPC43xx.s
   Uses
      At line 113 in file CM4\Driver\Startup\startup_LPC43xx.s
      At line 242 in file CM4\Driver\Startup\startup_LPC43xx.s

GPIO6_IRQHandler 0000001A

Symbol: GPIO6_IRQHandler
   Definitions
      At line 295 in file CM4\Driver\Startup\startup_LPC43xx.s
   Uses
      At line 114 in file CM4\Driver\Startup\startup_LPC43xx.s
      At line 243 in file CM4\Driver\Startup\startup_LPC43xx.s

GPIO7_IRQHandler 0000001A

Symbol: GPIO7_IRQHandler
   Definitions
      At line 296 in file CM4\Driver\Startup\startup_LPC43xx.s
   Uses
      At line 115 in file CM4\Driver\Startup\startup_LPC43xx.s
      At line 244 in file CM4\Driver\Startup\startup_LPC43xx.s

HardFault_Handler 0000000A

Symbol: HardFault_Handler
   Definitions
      At line 164 in file CM4\Driver\Startup\startup_LPC43xx.s
   Uses
      At line 61 in file CM4\Driver\Startup\startup_LPC43xx.s
      At line 165 in file CM4\Driver\Startup\startup_LPC43xx.s

I2C0_IRQHandler 0000001A

Symbol: I2C0_IRQHandler
   Definitions



ARM Macro Assembler    Page 5 Alphabetic symbol ordering
Relocatable symbols

      At line 275 in file CM4\Driver\Startup\startup_LPC43xx.s
   Uses
      At line 94 in file CM4\Driver\Startup\startup_LPC43xx.s
      At line 223 in file CM4\Driver\Startup\startup_LPC43xx.s

I2C1_IRQHandler 0000001A

Symbol: I2C1_IRQHandler
   Definitions
      At line 276 in file CM4\Driver\Startup\startup_LPC43xx.s
   Uses
      At line 95 in file CM4\Driver\Startup\startup_LPC43xx.s
      At line 224 in file CM4\Driver\Startup\startup_LPC43xx.s

I2S0_IRQHandler 0000001A

Symbol: I2S0_IRQHandler
   Definitions
      At line 285 in file CM4\Driver\Startup\startup_LPC43xx.s
   Uses
      At line 104 in file CM4\Driver\Startup\startup_LPC43xx.s
      At line 233 in file CM4\Driver\Startup\startup_LPC43xx.s

I2S1_IRQHandler 0000001A

Symbol: I2S1_IRQHandler
   Definitions
      At line 286 in file CM4\Driver\Startup\startup_LPC43xx.s
   Uses
      At line 105 in file CM4\Driver\Startup\startup_LPC43xx.s
      At line 234 in file CM4\Driver\Startup\startup_LPC43xx.s

LCD_IRQHandler 0000001A

Symbol: LCD_IRQHandler
   Definitions
      At line 264 in file CM4\Driver\Startup\startup_LPC43xx.s
   Uses
      At line 83 in file CM4\Driver\Startup\startup_LPC43xx.s
      At line 212 in file CM4\Driver\Startup\startup_LPC43xx.s

M0CORE_IRQHandler 0000001A

Symbol: M0CORE_IRQHandler
   Definitions
      At line 258 in file CM4\Driver\Startup\startup_LPC43xx.s
   Uses
      At line 77 in file CM4\Driver\Startup\startup_LPC43xx.s
      At line 206 in file CM4\Driver\Startup\startup_LPC43xx.s

M0s_IRQHandler 0000001A

Symbol: M0s_IRQHandler
   Definitions
      At line 305 in file CM4\Driver\Startup\startup_LPC43xx.s
   Uses
      At line 126 in file CM4\Driver\Startup\startup_LPC43xx.s
      At line 253 in file CM4\Driver\Startup\startup_LPC43xx.s




ARM Macro Assembler    Page 6 Alphabetic symbol ordering
Relocatable symbols

MCPWM_IRQHandler 0000001A

Symbol: MCPWM_IRQHandler
   Definitions
      At line 273 in file CM4\Driver\Startup\startup_LPC43xx.s
   Uses
      At line 92 in file CM4\Driver\Startup\startup_LPC43xx.s
      At line 221 in file CM4\Driver\Startup\startup_LPC43xx.s

MemManage_Handler 0000000C

Symbol: MemManage_Handler
   Definitions
      At line 169 in file CM4\Driver\Startup\startup_LPC43xx.s
   Uses
      At line 62 in file CM4\Driver\Startup\startup_LPC43xx.s
      At line 170 in file CM4\Driver\Startup\startup_LPC43xx.s

NMI_Handler 00000008

Symbol: NMI_Handler
   Definitions
      At line 159 in file CM4\Driver\Startup\startup_LPC43xx.s
   Uses
      At line 60 in file CM4\Driver\Startup\startup_LPC43xx.s
      At line 160 in file CM4\Driver\Startup\startup_LPC43xx.s

OS_CPU_PendSVHandler 00000016

Symbol: OS_CPU_PendSVHandler
   Definitions
      At line 193 in file CM4\Driver\Startup\startup_LPC43xx.s
   Uses
      At line 72 in file CM4\Driver\Startup\startup_LPC43xx.s
      At line 194 in file CM4\Driver\Startup\startup_LPC43xx.s

OS_CPU_SysTickHandler 00000018

Symbol: OS_CPU_SysTickHandler
   Definitions
      At line 198 in file CM4\Driver\Startup\startup_LPC43xx.s
   Uses
      At line 73 in file CM4\Driver\Startup\startup_LPC43xx.s
      At line 199 in file CM4\Driver\Startup\startup_LPC43xx.s

QEI_IRQHandler 0000001A

Symbol: QEI_IRQHandler
   Definitions
      At line 307 in file CM4\Driver\Startup\startup_LPC43xx.s
   Uses
      At line 128 in file CM4\Driver\Startup\startup_LPC43xx.s
      At line 255 in file CM4\Driver\Startup\startup_LPC43xx.s

RIT_IRQHandler 0000001A

Symbol: RIT_IRQHandler
   Definitions
      At line 268 in file CM4\Driver\Startup\startup_LPC43xx.s



ARM Macro Assembler    Page 7 Alphabetic symbol ordering
Relocatable symbols

   Uses
      At line 87 in file CM4\Driver\Startup\startup_LPC43xx.s
      At line 216 in file CM4\Driver\Startup\startup_LPC43xx.s

RTC_IRQHandler 0000001A

Symbol: RTC_IRQHandler
   Definitions
      At line 303 in file CM4\Driver\Startup\startup_LPC43xx.s
   Uses
      At line 123 in file CM4\Driver\Startup\startup_LPC43xx.s
      At line 251 in file CM4\Driver\Startup\startup_LPC43xx.s

Reset_Handler 00000000

Symbol: Reset_Handler
   Definitions
      At line 147 in file CM4\Driver\Startup\startup_LPC43xx.s
   Uses
      At line 59 in file CM4\Driver\Startup\startup_LPC43xx.s
      At line 148 in file CM4\Driver\Startup\startup_LPC43xx.s

SCT_IRQHandler 0000001A

Symbol: SCT_IRQHandler
   Definitions
      At line 267 in file CM4\Driver\Startup\startup_LPC43xx.s
   Uses
      At line 86 in file CM4\Driver\Startup\startup_LPC43xx.s
      At line 215 in file CM4\Driver\Startup\startup_LPC43xx.s

SDIO_IRQHandler 0000001A

Symbol: SDIO_IRQHandler
   Definitions
      At line 263 in file CM4\Driver\Startup\startup_LPC43xx.s
   Uses
      At line 82 in file CM4\Driver\Startup\startup_LPC43xx.s
      At line 211 in file CM4\Driver\Startup\startup_LPC43xx.s

SGPIO_IRQHandler 0000001A

Symbol: SGPIO_IRQHandler
   Definitions
      At line 288 in file CM4\Driver\Startup\startup_LPC43xx.s
   Uses
      At line 107 in file CM4\Driver\Startup\startup_LPC43xx.s
      At line 236 in file CM4\Driver\Startup\startup_LPC43xx.s

SPIFI_IRQHandler 0000001A

Symbol: SPIFI_IRQHandler
   Definitions
      At line 287 in file CM4\Driver\Startup\startup_LPC43xx.s
   Uses
      At line 106 in file CM4\Driver\Startup\startup_LPC43xx.s
      At line 235 in file CM4\Driver\Startup\startup_LPC43xx.s

SPI_IRQHandler 0000001A



ARM Macro Assembler    Page 8 Alphabetic symbol ordering
Relocatable symbols


Symbol: SPI_IRQHandler
   Definitions
      At line 277 in file CM4\Driver\Startup\startup_LPC43xx.s
   Uses
      At line 96 in file CM4\Driver\Startup\startup_LPC43xx.s
      At line 225 in file CM4\Driver\Startup\startup_LPC43xx.s

SSP0_IRQHandler 0000001A

Symbol: SSP0_IRQHandler
   Definitions
      At line 279 in file CM4\Driver\Startup\startup_LPC43xx.s
   Uses
      At line 98 in file CM4\Driver\Startup\startup_LPC43xx.s
      At line 227 in file CM4\Driver\Startup\startup_LPC43xx.s

SSP1_IRQHandler 0000001A

Symbol: SSP1_IRQHandler
   Definitions
      At line 280 in file CM4\Driver\Startup\startup_LPC43xx.s
   Uses
      At line 99 in file CM4\Driver\Startup\startup_LPC43xx.s
      At line 228 in file CM4\Driver\Startup\startup_LPC43xx.s

SVC_Handler 00000012

Symbol: SVC_Handler
   Definitions
      At line 183 in file CM4\Driver\Startup\startup_LPC43xx.s
   Uses
      At line 69 in file CM4\Driver\Startup\startup_LPC43xx.s
      At line 184 in file CM4\Driver\Startup\startup_LPC43xx.s

TIMER0_IRQHandler 0000001A

Symbol: TIMER0_IRQHandler
   Definitions
      At line 269 in file CM4\Driver\Startup\startup_LPC43xx.s
   Uses
      At line 88 in file CM4\Driver\Startup\startup_LPC43xx.s
      At line 217 in file CM4\Driver\Startup\startup_LPC43xx.s

TIMER1_IRQHandler 0000001A

Symbol: TIMER1_IRQHandler
   Definitions
      At line 270 in file CM4\Driver\Startup\startup_LPC43xx.s
   Uses
      At line 89 in file CM4\Driver\Startup\startup_LPC43xx.s
      At line 218 in file CM4\Driver\Startup\startup_LPC43xx.s

TIMER2_IRQHandler 0000001A

Symbol: TIMER2_IRQHandler
   Definitions
      At line 271 in file CM4\Driver\Startup\startup_LPC43xx.s
   Uses



ARM Macro Assembler    Page 9 Alphabetic symbol ordering
Relocatable symbols

      At line 90 in file CM4\Driver\Startup\startup_LPC43xx.s
      At line 219 in file CM4\Driver\Startup\startup_LPC43xx.s

TIMER3_IRQHandler 0000001A

Symbol: TIMER3_IRQHandler
   Definitions
      At line 272 in file CM4\Driver\Startup\startup_LPC43xx.s
   Uses
      At line 91 in file CM4\Driver\Startup\startup_LPC43xx.s
      At line 220 in file CM4\Driver\Startup\startup_LPC43xx.s

UART0_IRQHandler 0000001A

Symbol: UART0_IRQHandler
   Definitions
      At line 281 in file CM4\Driver\Startup\startup_LPC43xx.s
   Uses
      At line 100 in file CM4\Driver\Startup\startup_LPC43xx.s
      At line 229 in file CM4\Driver\Startup\startup_LPC43xx.s

UART1_IRQHandler 0000001A

Symbol: UART1_IRQHandler
   Definitions
      At line 282 in file CM4\Driver\Startup\startup_LPC43xx.s
   Uses
      At line 101 in file CM4\Driver\Startup\startup_LPC43xx.s
      At line 230 in file CM4\Driver\Startup\startup_LPC43xx.s

UART2_IRQHandler 0000001A

Symbol: UART2_IRQHandler
   Definitions
      At line 283 in file CM4\Driver\Startup\startup_LPC43xx.s
   Uses
      At line 102 in file CM4\Driver\Startup\startup_LPC43xx.s
      At line 231 in file CM4\Driver\Startup\startup_LPC43xx.s

UART3_IRQHandler 0000001A

Symbol: UART3_IRQHandler
   Definitions
      At line 284 in file CM4\Driver\Startup\startup_LPC43xx.s
   Uses
      At line 103 in file CM4\Driver\Startup\startup_LPC43xx.s
      At line 232 in file CM4\Driver\Startup\startup_LPC43xx.s

USB0_IRQHandler 0000001A

Symbol: USB0_IRQHandler
   Definitions
      At line 265 in file CM4\Driver\Startup\startup_LPC43xx.s
   Uses
      At line 84 in file CM4\Driver\Startup\startup_LPC43xx.s
      At line 213 in file CM4\Driver\Startup\startup_LPC43xx.s

USB1_IRQHandler 0000001A




ARM Macro Assembler    Page 10 Alphabetic symbol ordering
Relocatable symbols

Symbol: USB1_IRQHandler
   Definitions
      At line 266 in file CM4\Driver\Startup\startup_LPC43xx.s
   Uses
      At line 85 in file CM4\Driver\Startup\startup_LPC43xx.s
      At line 214 in file CM4\Driver\Startup\startup_LPC43xx.s

UsageFault_Handler 00000010

Symbol: UsageFault_Handler
   Definitions
      At line 179 in file CM4\Driver\Startup\startup_LPC43xx.s
   Uses
      At line 64 in file CM4\Driver\Startup\startup_LPC43xx.s
      At line 180 in file CM4\Driver\Startup\startup_LPC43xx.s

VADC_IRQHandler 0000001A

Symbol: VADC_IRQHandler
   Definitions
      At line 301 in file CM4\Driver\Startup\startup_LPC43xx.s
   Uses
      At line 121 in file CM4\Driver\Startup\startup_LPC43xx.s
      At line 249 in file CM4\Driver\Startup\startup_LPC43xx.s

WDT_IRQHandler 0000001A

Symbol: WDT_IRQHandler
   Definitions
      At line 304 in file CM4\Driver\Startup\startup_LPC43xx.s
   Uses
      At line 125 in file CM4\Driver\Startup\startup_LPC43xx.s
      At line 252 in file CM4\Driver\Startup\startup_LPC43xx.s

63 symbols



ARM Macro Assembler    Page 1 Alphabetic symbol ordering
Absolute symbols

Heap_Size 00000100

Symbol: Heap_Size
   Definitions
      At line 41 in file CM4\Driver\Startup\startup_LPC43xx.s
   Uses
      At line 45 in file CM4\Driver\Startup\startup_LPC43xx.s
Comment: Heap_Size used once
Sign_Value 5A5A5A5A

Symbol: Sign_Value
   Definitions
      At line 56 in file CM4\Driver\Startup\startup_LPC43xx.s
   Uses
      At line 65 in file CM4\Driver\Startup\startup_LPC43xx.s
Comment: Sign_Value used once
Stack_Size 00000100

Symbol: Stack_Size
   Definitions
      At line 30 in file CM4\Driver\Startup\startup_LPC43xx.s
   Uses
      At line 33 in file CM4\Driver\Startup\startup_LPC43xx.s
Comment: Stack_Size used once
3 symbols



ARM Macro Assembler    Page 1 Alphabetic symbol ordering
External symbols

SystemInit 00000000

Symbol: SystemInit
   Definitions
      At line 149 in file CM4\Driver\Startup\startup_LPC43xx.s
   Uses
      At line 151 in file CM4\Driver\Startup\startup_LPC43xx.s
Comment: SystemInit used once
__main 00000000

Symbol: __main
   Definitions
      At line 150 in file CM4\Driver\Startup\startup_LPC43xx.s
   Uses
      At line 153 in file CM4\Driver\Startup\startup_LPC43xx.s
Comment: __main used once
2 symbols
411 symbols in table
